{"total": {"lines":{"total":1001,"covered":553,"skipped":0,"pct":55.24},"statements":{"total":1001,"covered":553,"skipped":0,"pct":55.24},"functions":{"total":20,"covered":3,"skipped":0,"pct":15},"branches":{"total":21,"covered":6,"skipped":0,"pct":28.57},"branchesTrue":{"total":0,"covered":0,"skipped":0,"pct":100}}
,"/Users/georgegil/Documents/PERSONAL/HRFE/postcss.config.js": {"lines":{"total":6,"covered":0,"skipped":0,"pct":0},"functions":{"total":1,"covered":0,"skipped":0,"pct":0},"statements":{"total":6,"covered":0,"skipped":0,"pct":0},"branches":{"total":1,"covered":0,"skipped":0,"pct":0}}
,"/Users/georgegil/Documents/PERSONAL/HRFE/tailwind.config.js": {"lines":{"total":43,"covered":0,"skipped":0,"pct":0},"functions":{"total":1,"covered":0,"skipped":0,"pct":0},"statements":{"total":43,"covered":0,"skipped":0,"pct":0},"branches":{"total":1,"covered":0,"skipped":0,"pct":0}}
,"/Users/georgegil/Documents/PERSONAL/HRFE/src/App.vue": {"lines":{"total":92,"covered":0,"skipped":0,"pct":0},"functions":{"total":1,"covered":0,"skipped":0,"pct":0},"statements":{"total":92,"covered":0,"skipped":0,"pct":0},"branches":{"total":1,"covered":0,"skipped":0,"pct":0}}
,"/Users/georgegil/Documents/PERSONAL/HRFE/src/main.ts": {"lines":{"total":18,"covered":0,"skipped":0,"pct":0},"functions":{"total":1,"covered":0,"skipped":0,"pct":0},"statements":{"total":18,"covered":0,"skipped":0,"pct":0},"branches":{"total":1,"covered":0,"skipped":0,"pct":0}}
,"/Users/georgegil/Documents/PERSONAL/HRFE/src/components/HelloWorld.vue": {"lines":{"total":65,"covered":65,"skipped":0,"pct":100},"functions":{"total":2,"covered":2,"skipped":0,"pct":100},"statements":{"total":65,"covered":65,"skipped":0,"pct":100},"branches":{"total":2,"covered":2,"skipped":0,"pct":100}}
,"/Users/georgegil/Documents/PERSONAL/HRFE/src/components/TheWelcome.vue": {"lines":{"total":88,"covered":0,"skipped":0,"pct":0},"functions":{"total":1,"covered":0,"skipped":0,"pct":0},"statements":{"total":88,"covered":0,"skipped":0,"pct":0},"branches":{"total":1,"covered":0,"skipped":0,"pct":0}}
,"/Users/georgegil/Documents/PERSONAL/HRFE/src/components/ThemeSwitch.vue": {"lines":{"total":316,"covered":313,"skipped":0,"pct":99.05},"functions":{"total":1,"covered":0,"skipped":0,"pct":0},"statements":{"total":316,"covered":313,"skipped":0,"pct":99.05},"branches":{"total":0,"covered":0,"skipped":0,"pct":100}}
,"/Users/georgegil/Documents/PERSONAL/HRFE/src/components/ThemeSwitchTwo.vue": {"lines":{"total":84,"covered":83,"skipped":0,"pct":98.8},"functions":{"total":1,"covered":1,"skipped":0,"pct":100},"statements":{"total":84,"covered":83,"skipped":0,"pct":98.8},"branches":{"total":4,"covered":4,"skipped":0,"pct":100}}
,"/Users/georgegil/Documents/PERSONAL/HRFE/src/components/WelcomeItem.vue": {"lines":{"total":87,"covered":0,"skipped":0,"pct":0},"functions":{"total":1,"covered":0,"skipped":0,"pct":0},"statements":{"total":87,"covered":0,"skipped":0,"pct":0},"branches":{"total":1,"covered":0,"skipped":0,"pct":0}}
,"/Users/georgegil/Documents/PERSONAL/HRFE/src/components/icons/IconCommunity.vue": {"lines":{"total":7,"covered":0,"skipped":0,"pct":0},"functions":{"total":1,"covered":0,"skipped":0,"pct":0},"statements":{"total":7,"covered":0,"skipped":0,"pct":0},"branches":{"total":1,"covered":0,"skipped":0,"pct":0}}
,"/Users/georgegil/Documents/PERSONAL/HRFE/src/components/icons/IconDocumentation.vue": {"lines":{"total":7,"covered":0,"skipped":0,"pct":0},"functions":{"total":1,"covered":0,"skipped":0,"pct":0},"statements":{"total":7,"covered":0,"skipped":0,"pct":0},"branches":{"total":1,"covered":0,"skipped":0,"pct":0}}
,"/Users/georgegil/Documents/PERSONAL/HRFE/src/components/icons/IconEcosystem.vue": {"lines":{"total":7,"covered":0,"skipped":0,"pct":0},"functions":{"total":1,"covered":0,"skipped":0,"pct":0},"statements":{"total":7,"covered":0,"skipped":0,"pct":0},"branches":{"total":1,"covered":0,"skipped":0,"pct":0}}
,"/Users/georgegil/Documents/PERSONAL/HRFE/src/components/icons/IconSupport.vue": {"lines":{"total":7,"covered":0,"skipped":0,"pct":0},"functions":{"total":1,"covered":0,"skipped":0,"pct":0},"statements":{"total":7,"covered":0,"skipped":0,"pct":0},"branches":{"total":1,"covered":0,"skipped":0,"pct":0}}
,"/Users/georgegil/Documents/PERSONAL/HRFE/src/components/icons/IconTooling.vue": {"lines":{"total":19,"covered":0,"skipped":0,"pct":0},"functions":{"total":1,"covered":0,"skipped":0,"pct":0},"statements":{"total":19,"covered":0,"skipped":0,"pct":0},"branches":{"total":1,"covered":0,"skipped":0,"pct":0}}
,"/Users/georgegil/Documents/PERSONAL/HRFE/src/infrastructure/local/datetimeFormats.ts": {"lines":{"total":31,"covered":31,"skipped":0,"pct":100},"functions":{"total":0,"covered":0,"skipped":0,"pct":100},"statements":{"total":31,"covered":31,"skipped":0,"pct":100},"branches":{"total":0,"covered":0,"skipped":0,"pct":100}}
,"/Users/georgegil/Documents/PERSONAL/HRFE/src/infrastructure/local/en.local.ts": {"lines":{"total":3,"covered":3,"skipped":0,"pct":100},"functions":{"total":0,"covered":0,"skipped":0,"pct":100},"statements":{"total":3,"covered":3,"skipped":0,"pct":100},"branches":{"total":0,"covered":0,"skipped":0,"pct":100}}
,"/Users/georgegil/Documents/PERSONAL/HRFE/src/infrastructure/local/es.local.ts": {"lines":{"total":3,"covered":3,"skipped":0,"pct":100},"functions":{"total":0,"covered":0,"skipped":0,"pct":100},"statements":{"total":3,"covered":3,"skipped":0,"pct":100},"branches":{"total":0,"covered":0,"skipped":0,"pct":100}}
,"/Users/georgegil/Documents/PERSONAL/HRFE/src/infrastructure/plugins/allPlugins.ts": {"lines":{"total":15,"covered":15,"skipped":0,"pct":100},"functions":{"total":0,"covered":0,"skipped":0,"pct":100},"statements":{"total":15,"covered":15,"skipped":0,"pct":100},"branches":{"total":0,"covered":0,"skipped":0,"pct":100}}
,"/Users/georgegil/Documents/PERSONAL/HRFE/src/infrastructure/plugins/vue-i18n.ts": {"lines":{"total":27,"covered":23,"skipped":0,"pct":85.18},"functions":{"total":1,"covered":0,"skipped":0,"pct":0},"statements":{"total":27,"covered":23,"skipped":0,"pct":85.18},"branches":{"total":0,"covered":0,"skipped":0,"pct":100}}
,"/Users/georgegil/Documents/PERSONAL/HRFE/src/infrastructure/plugins/vue3Toastify.ts": {"lines":{"total":17,"covered":17,"skipped":0,"pct":100},"functions":{"total":0,"covered":0,"skipped":0,"pct":100},"statements":{"total":17,"covered":17,"skipped":0,"pct":100},"branches":{"total":0,"covered":0,"skipped":0,"pct":100}}
,"/Users/georgegil/Documents/PERSONAL/HRFE/src/router/index.ts": {"lines":{"total":23,"covered":0,"skipped":0,"pct":0},"functions":{"total":1,"covered":0,"skipped":0,"pct":0},"statements":{"total":23,"covered":0,"skipped":0,"pct":0},"branches":{"total":1,"covered":0,"skipped":0,"pct":0}}
,"/Users/georgegil/Documents/PERSONAL/HRFE/src/stores/counter.ts": {"lines":{"total":12,"covered":0,"skipped":0,"pct":0},"functions":{"total":1,"covered":0,"skipped":0,"pct":0},"statements":{"total":12,"covered":0,"skipped":0,"pct":0},"branches":{"total":1,"covered":0,"skipped":0,"pct":0}}
,"/Users/georgegil/Documents/PERSONAL/HRFE/src/views/AboutView.vue": {"lines":{"total":15,"covered":0,"skipped":0,"pct":0},"functions":{"total":1,"covered":0,"skipped":0,"pct":0},"statements":{"total":15,"covered":0,"skipped":0,"pct":0},"branches":{"total":1,"covered":0,"skipped":0,"pct":0}}
,"/Users/georgegil/Documents/PERSONAL/HRFE/src/views/HomeView.vue": {"lines":{"total":9,"covered":0,"skipped":0,"pct":0},"functions":{"total":1,"covered":0,"skipped":0,"pct":0},"statements":{"total":9,"covered":0,"skipped":0,"pct":0},"branches":{"total":1,"covered":0,"skipped":0,"pct":0}}
}
